[debug] > Exec(early(addDefaultCommands), None, None)
[debug] > Exec(addDefaultCommands, None, None)
[debug] > Exec(early(initialize), None, None)
[debug] > Exec(initialize, None, None)
[debug] > Exec(boot, None, None)
[debug] > Exec(writeSbtVersion, None, None)
[debug] > Exec(reload, None, None)
[debug] > Exec(sbtStashOnFailure, None, None)
[debug] > Exec(onFailure loadFailed, None, None)
[debug] > Exec(loadp, None, None)
[info] welcome to sbt 1.5.3 (Oracle Corporation Java 15.0.2)
[debug]       Load.loadUnit: plugins took 112.716582ms
[debug]       Load.loadUnit: defsScala took 0.441571ms
[debug] [Loading] Scanning directory /home/knoldus/.sbt/1.0/plugins
[debug] [Loading] Found non-root projects 
[debug] [Loading] Done in /home/knoldus/.sbt/1.0/plugins, returning: ()
[debug] deducing auto plugins based on known facts Set(Atom(sbt.plugins.CorePlugin)) and clauses Clauses(Clause(Atom(sbt.plugins.JvmPlugin),Set(Atom(sbt.plugins.IvyPlugin)))
[debug] Clause(Atom(sbt.ScriptedPlugin),Set(Atom(sbt.plugins.JvmPlugin)))
[debug] Clause(Atom(sbt.plugins.SbtPlugin),Set(Atom(sbt.ScriptedPlugin)))
[debug] Clause(Atom(sbt.plugins.SemanticdbPlugin),Set(Atom(sbt.plugins.JvmPlugin)))
[debug] Clause(Atom(sbt.plugins.JUnitXmlReportPlugin),Set(Atom(sbt.plugins.JvmPlugin)))
[debug] Clause(Atom(sbt.plugins.MiniDependencyTreePlugin),Set(Atom(sbt.plugins.JvmPlugin)))
[debug] Clause(Atom(sbt.plugins.CorePlugin),Set(Atom(sbt.plugins.IvyPlugin)))
[debug] Clause(Atom(sbt.plugins.IvyPlugin),Set(Atom(sbt.plugins.JvmPlugin)))
[debug] Clause(Atom(sbt.plugins.JvmPlugin),Set(Atom(sbt.plugins.SemanticdbPlugin)))
[debug] Clause(Atom(sbt.plugins.JvmPlugin),Set(Atom(sbt.plugins.JUnitXmlReportPlugin)))
[debug] Clause(Atom(sbt.plugins.CorePlugin),Set(Atom(sbt.plugins.Giter8TemplatePlugin)))
[debug] Clause(Atom(sbt.plugins.JvmPlugin),Set(Atom(sbt.plugins.MiniDependencyTreePlugin))))
[debug]   :: deduced result: Matched(sbt.plugins.CorePlugin,sbt.plugins.Giter8TemplatePlugin,sbt.plugins.IvyPlugin,sbt.plugins.JvmPlugin,sbt.plugins.MiniDependencyTreePlugin,sbt.plugins.JUnitXmlReportPlugin,sbt.plugins.SemanticdbPlugin)
[debug] Plugins.deducer#function took 29.387911 ms
[debug]           Load.resolveProject(global-plugins) took 70.481787ms
[debug]         Load.loadTransitive: finalizeProject(Project(id global-plugins, base: /home/knoldus/.sbt/1.0/plugins, plugins: List(<none>))) took 140.545582ms
[debug] [Loading] Done in /home/knoldus/.sbt/1.0/plugins, returning: (global-plugins)
[debug]       Load.loadUnit: loadedProjectsRaw took 175.959774ms
[debug]       Load.loadUnit: cleanEvalClasses took 0.383358ms
[debug]     Load.loadUnit(file:/home/knoldus/.sbt/1.0/plugins/, ...) took 302.594638ms
[debug]   Load.apply: load took 619.176568ms
[debug]   Load.apply: resolveProjects took 10.197281ms
[debug]   Load.apply: finalTransforms took 104.092958ms
[debug]   Load.apply: config.delegates took 13.520932ms
[debug]   Load.apply: Def.make(settings)... took 676.369354ms
[debug]   Load.apply: structureIndex took 167.431589ms
[debug]   Load.apply: mkStreams took 1.627257ms
[info] loading global plugins from /home/knoldus/.sbt/1.0/plugins
[debug] Running task... Cancel: Signal, check cycles: false, forcegc: true
[debug] Load.defaultLoad until apply took 3904.535768ms
[debug]           Load.loadUnit: plugins took 22.848903ms
[debug]           Load.loadUnit: defsScala took 0.016486ms
[debug] [Loading] Scanning directory /home/knoldus/Capstone/project
[debug] [Loading] Found non-root projects 
[debug] [Loading] Done in /home/knoldus/Capstone/project, returning: ()
[debug] deducing auto plugins based on known facts Set(Atom(sbt.plugins.CorePlugin)) and clauses Clauses(Clause(Atom(sbt.plugins.JvmPlugin),Set(Atom(sbt.plugins.IvyPlugin)))
[debug] Clause(Atom(sbt.ScriptedPlugin),Set(Atom(sbt.plugins.JvmPlugin)))
[debug] Clause(Atom(sbt.plugins.SbtPlugin),Set(Atom(sbt.ScriptedPlugin)))
[debug] Clause(Atom(sbt.plugins.SemanticdbPlugin),Set(Atom(sbt.plugins.JvmPlugin)))
[debug] Clause(Atom(sbt.plugins.JUnitXmlReportPlugin),Set(Atom(sbt.plugins.JvmPlugin)))
[debug] Clause(Atom(sbt.plugins.MiniDependencyTreePlugin),Set(Atom(sbt.plugins.JvmPlugin)))
[debug] Clause(Atom(sbt.plugins.CorePlugin),Set(Atom(sbt.plugins.IvyPlugin)))
[debug] Clause(Atom(sbt.plugins.IvyPlugin),Set(Atom(sbt.plugins.JvmPlugin)))
[debug] Clause(Atom(sbt.plugins.JvmPlugin),Set(Atom(sbt.plugins.SemanticdbPlugin)))
[debug] Clause(Atom(sbt.plugins.JvmPlugin),Set(Atom(sbt.plugins.JUnitXmlReportPlugin)))
[debug] Clause(Atom(sbt.plugins.CorePlugin),Set(Atom(sbt.plugins.Giter8TemplatePlugin)))
[debug] Clause(Atom(sbt.plugins.JvmPlugin),Set(Atom(sbt.plugins.MiniDependencyTreePlugin))))
[debug]   :: deduced result: Matched(sbt.plugins.CorePlugin,sbt.plugins.Giter8TemplatePlugin,sbt.plugins.IvyPlugin,sbt.plugins.JvmPlugin,sbt.plugins.MiniDependencyTreePlugin,sbt.plugins.JUnitXmlReportPlugin,sbt.plugins.SemanticdbPlugin)
[debug] Plugins.deducer#function took 3.224307 ms
[debug]               Load.resolveProject(capstone-build) took 1.664799ms
[debug]             Load.loadTransitive: finalizeProject(Project(id capstone-build, base: /home/knoldus/Capstone/project, plugins: List(<none>))) took 5.92602ms
[debug] [Loading] Done in /home/knoldus/Capstone/project, returning: (capstone-build)
[debug]           Load.loadUnit: loadedProjectsRaw took 8.850135ms
[debug]           Load.loadUnit: cleanEvalClasses took 0.031373ms
[debug]         Load.loadUnit(file:/home/knoldus/Capstone/project/, ...) took 33.222154ms
[debug]       Load.apply: load took 36.224016ms
[debug]       Load.apply: resolveProjects took 0.238705ms
[debug]       Load.apply: finalTransforms took 26.1217ms
[debug]       Load.apply: config.delegates took 0.858476ms
[debug]       Load.apply: Def.make(settings)... took 181.033231ms
[debug]       Load.apply: structureIndex took 70.022728ms
[debug]       Load.apply: mkStreams took 0.003796ms
[info] loading project definition from /home/knoldus/Capstone/project
[debug] Running task... Cancel: Signal, check cycles: false, forcegc: true
[debug]     Load.loadUnit: plugins took 614.375371ms
[debug]     Load.loadUnit: defsScala took 0.004216ms
[debug] [Loading] Scanning directory /home/knoldus/Capstone
[debug]       Load.loadUnit: mkEval took 7.157672ms
[debug] [Loading] Found non-root projects 
[debug] [Loading] Done in /home/knoldus/Capstone, returning: ()
[debug] deducing auto plugins based on known facts Set(Atom(sbt.plugins.CorePlugin)) and clauses Clauses(Clause(Atom(sbt.plugins.JvmPlugin),Set(Atom(sbt.plugins.IvyPlugin)))
[debug] Clause(Atom(sbt.ScriptedPlugin),Set(Atom(sbt.plugins.JvmPlugin)))
[debug] Clause(Atom(sbt.plugins.SbtPlugin),Set(Atom(sbt.ScriptedPlugin)))
[debug] Clause(Atom(sbt.plugins.SemanticdbPlugin),Set(Atom(sbt.plugins.JvmPlugin)))
[debug] Clause(Atom(sbt.plugins.JUnitXmlReportPlugin),Set(Atom(sbt.plugins.JvmPlugin)))
[debug] Clause(Atom(sbt.plugins.MiniDependencyTreePlugin),Set(Atom(sbt.plugins.JvmPlugin)))
[debug] Clause(Atom(sbt.plugins.CorePlugin),Set(Atom(sbt.plugins.IvyPlugin)))
[debug] Clause(Atom(sbt.plugins.IvyPlugin),Set(Atom(sbt.plugins.JvmPlugin)))
[debug] Clause(Atom(sbt.plugins.JvmPlugin),Set(Atom(sbt.plugins.SemanticdbPlugin)))
[debug] Clause(Atom(sbt.plugins.JvmPlugin),Set(Atom(sbt.plugins.JUnitXmlReportPlugin)))
[debug] Clause(Atom(sbt.plugins.CorePlugin),Set(Atom(sbt.plugins.Giter8TemplatePlugin)))
[debug] Clause(Atom(sbt.plugins.JvmPlugin),Set(Atom(sbt.plugins.MiniDependencyTreePlugin))))
[debug]   :: deduced result: Matched(sbt.plugins.CorePlugin,sbt.plugins.Giter8TemplatePlugin,sbt.plugins.IvyPlugin,sbt.plugins.JvmPlugin,sbt.plugins.MiniDependencyTreePlugin,sbt.plugins.JUnitXmlReportPlugin,sbt.plugins.SemanticdbPlugin)
[debug] Plugins.deducer#function took 2.569268 ms
[info] loading settings for project capstone from build.sbt ...
[debug]         Load.resolveProject(capstone) took 3.292094ms
[debug]       Load.loadTransitive: finalizeProject(Project(id capstone, base: /home/knoldus/Capstone, plugins: List(<none>))) took 6.649657ms
[debug] [Loading] Done in /home/knoldus/Capstone, returning: (capstone)
[debug]     Load.loadUnit: loadedProjectsRaw took 3121.314547ms
[debug]     Load.loadUnit: cleanEvalClasses took 5.765662ms
[debug]   Load.loadUnit(file:/home/knoldus/Capstone/, ...) took 3742.400955ms
[debug] Load.apply: load took 3744.06317ms
[debug] Load.apply: resolveProjects took 0.157769ms
[debug] Load.apply: finalTransforms took 16.176036ms
[debug] Load.apply: config.delegates took 0.526921ms
[debug] Load.apply: Def.make(settings)... took 157.976953ms
[debug] Load.apply: structureIndex took 53.930565ms
[debug] Load.apply: mkStreams took 0.004375ms
[info] set current project to Capstone (in build file:/home/knoldus/Capstone/)
[debug] > Exec(sbtPopOnFailure, None, None)
[debug] > Exec(resumeFromFailure, None, None)
[debug] > Exec(notifyUsersAboutShell, None, None)
[debug] > Exec(iflast shell, None, None)
[debug] > Exec(shell, None, None)
[info] sbt server started at local:///home/knoldus/.sbt/1.0/server/08ea59655411b75e905d/sock
[debug] Writing bsp connection file
[info] started sbt server
